<?xml version="1.0" encoding="UTF-8"?>
<!-- Generated by org.testng.reporters.JUnitXMLReporter -->
<testsuite ignored="0" hostname="DESKTOP-QNHJ5Q7" failures="0" tests="3" name="Test" time="13.707" errors="0" timestamp="2022-07-14T20:59:11 PDT">
  <testcase classname="dataDrivenTest.hrmLogin_DDT" name="verifyLoginwithInvalidData" time="1.417"/>
  <testcase classname="dataDrivenTest.hrmLogin_DDT" name="verifyLoginwithInvalidData" time="1.146"/>
  <testcase classname="dataDrivenTest.hrmLogin_DDT" name="verifyLoginwithInvalidData" time="1.145"/>
</testsuite> <!-- Test -->
