<?xml version="1.0" encoding="UTF-8"?>
<testng-results ignored="0" total="1" passed="1" failed="0" skipped="0">
  <reporter-output>
  </reporter-output>
  <suite started-at="2022-07-12T22:40:02 PDT" name="Default suite" finished-at="2022-07-12T22:40:19 PDT" duration-ms="16406">
    <groups>
    </groups>
    <test started-at="2022-07-12T22:40:02 PDT" name="Default test" finished-at="2022-07-12T22:40:19 PDT" duration-ms="16406">
      <class name="headLessModeExample.amazonTest">
        <test-method is-config="true" signature="launchApp()[pri:0, instance:headLessModeExample.amazonTest@2c35e847]" started-at="2022-07-12T22:40:02 PDT" name="launchApp" finished-at="2022-07-12T22:40:12 PDT" duration-ms="9990" status="PASS">
          <reporter-output>
          </reporter-output>
        </test-method> <!-- launchApp -->
        <test-method signature="searchTest()[pri:0, instance:headLessModeExample.amazonTest@2c35e847]" started-at="2022-07-12T22:40:12 PDT" name="searchTest" finished-at="2022-07-12T22:40:19 PDT" duration-ms="6292" status="PASS">
          <reporter-output>
          </reporter-output>
        </test-method> <!-- searchTest -->
        <test-method is-config="true" signature="teatdown()[pri:0, instance:headLessModeExample.amazonTest@2c35e847]" started-at="2022-07-12T22:40:19 PDT" name="teatdown" finished-at="2022-07-12T22:40:19 PDT" duration-ms="88" status="PASS">
          <reporter-output>
          </reporter-output>
        </test-method> <!-- teatdown -->
      </class> <!-- headLessModeExample.amazonTest -->
    </test> <!-- Default test -->
  </suite> <!-- Default suite -->
</testng-results>
